
*** Running vivado
    with args -log nanoControleur.vds -m64 -product Vivado -mode batch -messageDb vivado.pb -notrace -source nanoControleur.tcl



****** Vivado v2020.2 (64-bit)
  **** SW Build 3064766 on Wed Nov 18 09:12:45 MST 2020
  **** IP Build 3064653 on Wed Nov 18 14:17:31 MST 2020
    ** Copyright 1986-2020 Xilinx, Inc. All Rights Reserved.

source nanoControleur.tcl -notrace
Command: synth_design -top nanoControleur -part xc7a35tfgg484-1
Starting synth_design
Attempting to get a license for feature 'Synthesis' and/or device 'xc7a35t'
INFO: [Common 17-349] Got license for feature 'Synthesis' and/or device 'xc7a35t'
INFO: [Device 21-403] Loading part xc7a35tfgg484-1
INFO: [Synth 8-7079] Multithreading enabled for synth_design using a maximum of 2 processes.
INFO: [Synth 8-7078] Launching helper process for spawning children vivado processes
INFO: [Synth 8-7075] Helper process launched with PID 12528
---------------------------------------------------------------------------------
Starting RTL Elaboration : Time (s): cpu = 00:00:07 ; elapsed = 00:00:08 . Memory (MB): peak = 1007.348 ; gain = 0.000
---------------------------------------------------------------------------------
INFO: [Synth 8-638] synthesizing module 'nanoControleur' [C:/Users/Stan/Documents/Git/LaboSystemNumeric/Rendu_5/Vivado/Vivado.srcs/sources_1/imports/design.hdl/nanoControleur.vhd:44]
INFO: [Synth 8-3491] module 'Stack' declared at 'C:/Users/Stan/Documents/Git/LaboSystemNumeric/Rendu_5/Vivado/Vivado.srcs/sources_1/new/Stack.vhd:34' bound to instance 'stack1' of component 'Stack' [C:/Users/Stan/Documents/Git/LaboSystemNumeric/Rendu_5/Vivado/Vivado.srcs/sources_1/imports/design.hdl/nanoControleur.vhd:137]
INFO: [Synth 8-638] synthesizing module 'Stack' [C:/Users/Stan/Documents/Git/LaboSystemNumeric/Rendu_5/Vivado/Vivado.srcs/sources_1/new/Stack.vhd:43]
WARNING: [Synth 8-614] signal 'interupt' is read in the process but is not in the sensitivity list [C:/Users/Stan/Documents/Git/LaboSystemNumeric/Rendu_5/Vivado/Vivado.srcs/sources_1/new/Stack.vhd:51]
INFO: [Synth 8-256] done synthesizing module 'Stack' (1#1) [C:/Users/Stan/Documents/Git/LaboSystemNumeric/Rendu_5/Vivado/Vivado.srcs/sources_1/new/Stack.vhd:43]
INFO: [Synth 8-3491] module 'nanoProcesseur' declared at 'C:/Users/Stan/Documents/Git/LaboSystemNumeric/Rendu_5/Vivado/Vivado.srcs/sources_1/imports/design.hdl/nanoProcesseur.vhd:27' bound to instance 'nPr_inst' of component 'nanoProcesseur' [C:/Users/Stan/Documents/Git/LaboSystemNumeric/Rendu_5/Vivado/Vivado.srcs/sources_1/imports/design.hdl/nanoControleur.vhd:146]
INFO: [Synth 8-638] synthesizing module 'nanoProcesseur' [C:/Users/Stan/Documents/Git/LaboSystemNumeric/Rendu_5/Vivado/Vivado.srcs/sources_1/imports/design.hdl/nanoProcesseur.vhd:48]
INFO: [Synth 8-3491] module 'Sync' declared at 'C:/Users/Stan/Documents/Git/LaboSystemNumeric/Rendu_5/Vivado/Vivado.srcs/sources_1/new/Sync.vhd:34' bound to instance 'sync1' of component 'Sync' [C:/Users/Stan/Documents/Git/LaboSystemNumeric/Rendu_5/Vivado/Vivado.srcs/sources_1/imports/design.hdl/nanoProcesseur.vhd:192]
INFO: [Synth 8-638] synthesizing module 'Sync' [C:/Users/Stan/Documents/Git/LaboSystemNumeric/Rendu_5/Vivado/Vivado.srcs/sources_1/new/Sync.vhd:41]
WARNING: [Synth 8-614] signal 'reset_i' is read in the process but is not in the sensitivity list [C:/Users/Stan/Documents/Git/LaboSystemNumeric/Rendu_5/Vivado/Vivado.srcs/sources_1/new/Sync.vhd:45]
INFO: [Synth 8-256] done synthesizing module 'Sync' (2#1) [C:/Users/Stan/Documents/Git/LaboSystemNumeric/Rendu_5/Vivado/Vivado.srcs/sources_1/new/Sync.vhd:41]
INFO: [Synth 8-3491] module 'Registers' declared at 'C:/Users/Stan/Documents/Git/LaboSystemNumeric/Rendu_5/Vivado/Vivado.srcs/sources_1/new/Registers.vhd:34' bound to instance 'registers1' of component 'Registers' [C:/Users/Stan/Documents/Git/LaboSystemNumeric/Rendu_5/Vivado/Vivado.srcs/sources_1/imports/design.hdl/nanoProcesseur.vhd:199]
INFO: [Synth 8-638] synthesizing module 'Registers' [C:/Users/Stan/Documents/Git/LaboSystemNumeric/Rendu_5/Vivado/Vivado.srcs/sources_1/new/Registers.vhd:44]
WARNING: [Synth 8-614] signal 'interupt' is read in the process but is not in the sensitivity list [C:/Users/Stan/Documents/Git/LaboSystemNumeric/Rendu_5/Vivado/Vivado.srcs/sources_1/new/Registers.vhd:48]
INFO: [Synth 8-256] done synthesizing module 'Registers' (3#1) [C:/Users/Stan/Documents/Git/LaboSystemNumeric/Rendu_5/Vivado/Vivado.srcs/sources_1/new/Registers.vhd:44]
INFO: [Synth 8-3491] module 'Sequenceur' declared at 'C:/Users/Stan/Documents/Git/LaboSystemNumeric/Rendu_5/Vivado/Vivado.srcs/sources_1/imports/design.hdl/Sequenceur.vhd:27' bound to instance 'Seq_inst' of component 'Sequenceur' [C:/Users/Stan/Documents/Git/LaboSystemNumeric/Rendu_5/Vivado/Vivado.srcs/sources_1/imports/design.hdl/nanoProcesseur.vhd:209]
INFO: [Synth 8-638] synthesizing module 'Sequenceur' [C:/Users/Stan/Documents/Git/LaboSystemNumeric/Rendu_5/Vivado/Vivado.srcs/sources_1/imports/design.hdl/Sequenceur.vhd:50]
INFO: [Synth 8-256] done synthesizing module 'Sequenceur' (4#1) [C:/Users/Stan/Documents/Git/LaboSystemNumeric/Rendu_5/Vivado/Vivado.srcs/sources_1/imports/design.hdl/Sequenceur.vhd:50]
INFO: [Synth 8-3491] module 'Program_Counter' declared at 'C:/Users/Stan/Documents/Git/LaboSystemNumeric/Rendu_5/Vivado/Vivado.srcs/sources_1/imports/design.hdl/Program_Counter.vhd:27' bound to instance 'PC_inst' of component 'Program_Counter' [C:/Users/Stan/Documents/Git/LaboSystemNumeric/Rendu_5/Vivado/Vivado.srcs/sources_1/imports/design.hdl/nanoProcesseur.vhd:226]
INFO: [Synth 8-638] synthesizing module 'Program_Counter' [C:/Users/Stan/Documents/Git/LaboSystemNumeric/Rendu_5/Vivado/Vivado.srcs/sources_1/imports/design.hdl/Program_Counter.vhd:44]
INFO: [Synth 8-256] done synthesizing module 'Program_Counter' (5#1) [C:/Users/Stan/Documents/Git/LaboSystemNumeric/Rendu_5/Vivado/Vivado.srcs/sources_1/imports/design.hdl/Program_Counter.vhd:44]
INFO: [Synth 8-3491] module 'Instruction_Register' declared at 'C:/Users/Stan/Documents/Git/LaboSystemNumeric/Rendu_5/Vivado/Vivado.srcs/sources_1/imports/design.hdl/Instruction_Register.vhd:27' bound to instance 'IR_inst' of component 'Instruction_Register' [C:/Users/Stan/Documents/Git/LaboSystemNumeric/Rendu_5/Vivado/Vivado.srcs/sources_1/imports/design.hdl/nanoProcesseur.vhd:237]
INFO: [Synth 8-638] synthesizing module 'Instruction_Register' [C:/Users/Stan/Documents/Git/LaboSystemNumeric/Rendu_5/Vivado/Vivado.srcs/sources_1/imports/design.hdl/Instruction_Register.vhd:42]
INFO: [Synth 8-256] done synthesizing module 'Instruction_Register' (6#1) [C:/Users/Stan/Documents/Git/LaboSystemNumeric/Rendu_5/Vivado/Vivado.srcs/sources_1/imports/design.hdl/Instruction_Register.vhd:42]
INFO: [Synth 8-3491] module 'Operandes_Multiplexer' declared at 'C:/Users/Stan/Documents/Git/LaboSystemNumeric/Rendu_5/Vivado/Vivado.srcs/sources_1/imports/design.hdl/Operandes_Multiplexer.vhd:27' bound to instance 'OM_inst' of component 'Operandes_Multiplexer' [C:/Users/Stan/Documents/Git/LaboSystemNumeric/Rendu_5/Vivado/Vivado.srcs/sources_1/imports/design.hdl/nanoProcesseur.vhd:246]
INFO: [Synth 8-638] synthesizing module 'Operandes_Multiplexer' [C:/Users/Stan/Documents/Git/LaboSystemNumeric/Rendu_5/Vivado/Vivado.srcs/sources_1/imports/design.hdl/Operandes_Multiplexer.vhd:42]
INFO: [Synth 8-256] done synthesizing module 'Operandes_Multiplexer' (7#1) [C:/Users/Stan/Documents/Git/LaboSystemNumeric/Rendu_5/Vivado/Vivado.srcs/sources_1/imports/design.hdl/Operandes_Multiplexer.vhd:42]
INFO: [Synth 8-3491] module 'ALU' declared at 'C:/Users/Stan/Documents/Git/LaboSystemNumeric/Rendu_5/Vivado/Vivado.srcs/sources_1/imports/design.hdl/ALU.vhd:27' bound to instance 'ALU_inst' of component 'ALU' [C:/Users/Stan/Documents/Git/LaboSystemNumeric/Rendu_5/Vivado/Vivado.srcs/sources_1/imports/design.hdl/nanoProcesseur.vhd:255]
INFO: [Synth 8-638] synthesizing module 'ALU' [C:/Users/Stan/Documents/Git/LaboSystemNumeric/Rendu_5/Vivado/Vivado.srcs/sources_1/imports/design.hdl/ALU.vhd:42]
INFO: [Synth 8-256] done synthesizing module 'ALU' (8#1) [C:/Users/Stan/Documents/Git/LaboSystemNumeric/Rendu_5/Vivado/Vivado.srcs/sources_1/imports/design.hdl/ALU.vhd:42]
INFO: [Synth 8-3491] module 'Status_Register' declared at 'C:/Users/Stan/Documents/Git/LaboSystemNumeric/Rendu_5/Vivado/Vivado.srcs/sources_1/imports/design.hdl/Status_Register.vhd:27' bound to instance 'SR_inst' of component 'Status_Register' [C:/Users/Stan/Documents/Git/LaboSystemNumeric/Rendu_5/Vivado/Vivado.srcs/sources_1/imports/design.hdl/nanoProcesseur.vhd:264]
INFO: [Synth 8-638] synthesizing module 'Status_Register' [C:/Users/Stan/Documents/Git/LaboSystemNumeric/Rendu_5/Vivado/Vivado.srcs/sources_1/imports/design.hdl/Status_Register.vhd:42]
INFO: [Synth 8-256] done synthesizing module 'Status_Register' (9#1) [C:/Users/Stan/Documents/Git/LaboSystemNumeric/Rendu_5/Vivado/Vivado.srcs/sources_1/imports/design.hdl/Status_Register.vhd:42]
INFO: [Synth 8-3491] module 'W_Register' declared at 'C:/Users/Stan/Documents/Git/LaboSystemNumeric/Rendu_5/Vivado/Vivado.srcs/sources_1/imports/design.hdl/W_Register.vhd:27' bound to instance 'WR_inst' of component 'W_Register' [C:/Users/Stan/Documents/Git/LaboSystemNumeric/Rendu_5/Vivado/Vivado.srcs/sources_1/imports/design.hdl/nanoProcesseur.vhd:273]
INFO: [Synth 8-638] synthesizing module 'W_Register' [C:/Users/Stan/Documents/Git/LaboSystemNumeric/Rendu_5/Vivado/Vivado.srcs/sources_1/imports/design.hdl/W_Register.vhd:44]
INFO: [Synth 8-256] done synthesizing module 'W_Register' (10#1) [C:/Users/Stan/Documents/Git/LaboSystemNumeric/Rendu_5/Vivado/Vivado.srcs/sources_1/imports/design.hdl/W_Register.vhd:44]
INFO: [Synth 8-3491] module 'Operandes_Register' declared at 'C:/Users/Stan/Documents/Git/LaboSystemNumeric/Rendu_5/Vivado/Vivado.srcs/sources_1/imports/design.hdl/Operandes_Register.vhd:27' bound to instance 'OR_inst' of component 'Operandes_Register' [C:/Users/Stan/Documents/Git/LaboSystemNumeric/Rendu_5/Vivado/Vivado.srcs/sources_1/imports/design.hdl/nanoProcesseur.vhd:283]
INFO: [Synth 8-638] synthesizing module 'Operandes_Register' [C:/Users/Stan/Documents/Git/LaboSystemNumeric/Rendu_5/Vivado/Vivado.srcs/sources_1/imports/design.hdl/Operandes_Register.vhd:44]
INFO: [Synth 8-256] done synthesizing module 'Operandes_Register' (11#1) [C:/Users/Stan/Documents/Git/LaboSystemNumeric/Rendu_5/Vivado/Vivado.srcs/sources_1/imports/design.hdl/Operandes_Register.vhd:44]
INFO: [Synth 8-256] done synthesizing module 'nanoProcesseur' (12#1) [C:/Users/Stan/Documents/Git/LaboSystemNumeric/Rendu_5/Vivado/Vivado.srcs/sources_1/imports/design.hdl/nanoProcesseur.vhd:48]
INFO: [Synth 8-3491] module 'ROM' declared at 'C:/Users/Stan/Documents/Git/LaboSystemNumeric/Rendu_5/Vivado/Vivado.srcs/sources_1/imports/design.hdl/ROM.vhd:27' bound to instance 'ROM_inst' of component 'ROM' [C:/Users/Stan/Documents/Git/LaboSystemNumeric/Rendu_5/Vivado/Vivado.srcs/sources_1/imports/design.hdl/nanoControleur.vhd:160]
INFO: [Synth 8-638] synthesizing module 'ROM' [C:/Users/Stan/Documents/Git/LaboSystemNumeric/Rendu_5/Vivado/Vivado.srcs/sources_1/imports/design.hdl/ROM.vhd:38]
INFO: [Synth 8-256] done synthesizing module 'ROM' (13#1) [C:/Users/Stan/Documents/Git/LaboSystemNumeric/Rendu_5/Vivado/Vivado.srcs/sources_1/imports/design.hdl/ROM.vhd:38]
INFO: [Synth 8-3491] module 'Data_Multiplexer' declared at 'C:/Users/Stan/Documents/Git/LaboSystemNumeric/Rendu_5/Vivado/Vivado.srcs/sources_1/imports/design.hdl/Data_Multiplexer.vhd:27' bound to instance 'Data_Mux_inst' of component 'Data_Multiplexer' [C:/Users/Stan/Documents/Git/LaboSystemNumeric/Rendu_5/Vivado/Vivado.srcs/sources_1/imports/design.hdl/nanoControleur.vhd:165]
INFO: [Synth 8-638] synthesizing module 'Data_Multiplexer' [C:/Users/Stan/Documents/Git/LaboSystemNumeric/Rendu_5/Vivado/Vivado.srcs/sources_1/imports/design.hdl/Data_Multiplexer.vhd:43]
INFO: [Synth 8-256] done synthesizing module 'Data_Multiplexer' (14#1) [C:/Users/Stan/Documents/Git/LaboSystemNumeric/Rendu_5/Vivado/Vivado.srcs/sources_1/imports/design.hdl/Data_Multiplexer.vhd:43]
INFO: [Synth 8-3491] module 'RAM' declared at 'C:/Users/Stan/Documents/Git/LaboSystemNumeric/Rendu_5/Vivado/Vivado.srcs/sources_1/imports/design.hdl/RAM.vhd:27' bound to instance 'RAM_inst' of component 'RAM' [C:/Users/Stan/Documents/Git/LaboSystemNumeric/Rendu_5/Vivado/Vivado.srcs/sources_1/imports/design.hdl/nanoControleur.vhd:175]
INFO: [Synth 8-638] synthesizing module 'RAM' [C:/Users/Stan/Documents/Git/LaboSystemNumeric/Rendu_5/Vivado/Vivado.srcs/sources_1/imports/design.hdl/RAM.vhd:42]
INFO: [Synth 8-256] done synthesizing module 'RAM' (15#1) [C:/Users/Stan/Documents/Git/LaboSystemNumeric/Rendu_5/Vivado/Vivado.srcs/sources_1/imports/design.hdl/RAM.vhd:42]
INFO: [Synth 8-3491] module 'Output_Register' declared at 'C:/Users/Stan/Documents/Git/LaboSystemNumeric/Rendu_5/Vivado/Vivado.srcs/sources_1/imports/design.hdl/Output_Register.vhd:27' bound to instance 'Port_a_Out_inst' of component 'Output_Register' [C:/Users/Stan/Documents/Git/LaboSystemNumeric/Rendu_5/Vivado/Vivado.srcs/sources_1/imports/design.hdl/nanoControleur.vhd:184]
INFO: [Synth 8-638] synthesizing module 'Output_Register' [C:/Users/Stan/Documents/Git/LaboSystemNumeric/Rendu_5/Vivado/Vivado.srcs/sources_1/imports/design.hdl/Output_Register.vhd:42]
INFO: [Synth 8-256] done synthesizing module 'Output_Register' (16#1) [C:/Users/Stan/Documents/Git/LaboSystemNumeric/Rendu_5/Vivado/Vivado.srcs/sources_1/imports/design.hdl/Output_Register.vhd:42]
INFO: [Synth 8-3491] module 'Output_Register' declared at 'C:/Users/Stan/Documents/Git/LaboSystemNumeric/Rendu_5/Vivado/Vivado.srcs/sources_1/imports/design.hdl/Output_Register.vhd:27' bound to instance 'Port_b_Out_inst' of component 'Output_Register' [C:/Users/Stan/Documents/Git/LaboSystemNumeric/Rendu_5/Vivado/Vivado.srcs/sources_1/imports/design.hdl/nanoControleur.vhd:193]
INFO: [Synth 8-3491] module 'Address_Decode' declared at 'C:/Users/Stan/Documents/Git/LaboSystemNumeric/Rendu_5/Vivado/Vivado.srcs/sources_1/imports/design.hdl/Address_Decode.vhd:27' bound to instance 'Add_Dec_inst' of component 'Address_Decode' [C:/Users/Stan/Documents/Git/LaboSystemNumeric/Rendu_5/Vivado/Vivado.srcs/sources_1/imports/design.hdl/nanoControleur.vhd:202]
INFO: [Synth 8-638] synthesizing module 'Address_Decode' [C:/Users/Stan/Documents/Git/LaboSystemNumeric/Rendu_5/Vivado/Vivado.srcs/sources_1/imports/design.hdl/Address_Decode.vhd:41]
INFO: [Synth 8-256] done synthesizing module 'Address_Decode' (17#1) [C:/Users/Stan/Documents/Git/LaboSystemNumeric/Rendu_5/Vivado/Vivado.srcs/sources_1/imports/design.hdl/Address_Decode.vhd:41]
INFO: [Synth 8-256] done synthesizing module 'nanoControleur' (18#1) [C:/Users/Stan/Documents/Git/LaboSystemNumeric/Rendu_5/Vivado/Vivado.srcs/sources_1/imports/design.hdl/nanoControleur.vhd:44]
---------------------------------------------------------------------------------
Finished RTL Elaboration : Time (s): cpu = 00:00:10 ; elapsed = 00:00:11 . Memory (MB): peak = 1007.348 ; gain = 0.000
---------------------------------------------------------------------------------
---------------------------------------------------------------------------------
Start Handling Custom Attributes
---------------------------------------------------------------------------------
---------------------------------------------------------------------------------
Finished Handling Custom Attributes : Time (s): cpu = 00:00:11 ; elapsed = 00:00:11 . Memory (MB): peak = 1007.348 ; gain = 0.000
---------------------------------------------------------------------------------
---------------------------------------------------------------------------------
Finished RTL Optimization Phase 1 : Time (s): cpu = 00:00:11 ; elapsed = 00:00:11 . Memory (MB): peak = 1007.348 ; gain = 0.000
---------------------------------------------------------------------------------
Netlist sorting complete. Time (s): cpu = 00:00:00 ; elapsed = 00:00:00.017 . Memory (MB): peak = 1007.348 ; gain = 0.000
INFO: [Project 1-570] Preparing netlist for logic optimization

Processing XDC Constraints
Initializing timing engine
Parsing XDC File [C:/Users/Stan/Documents/Git/LaboSystemNumeric/Rendu_5/Vivado/Vivado.srcs/constrs_1/imports/new/IO_Const.xdc]
INFO: [Constraints 18-483] create_clock: no pin(s)/port(s)/net(s) specified as objects, only virtual clock 'clk_i' will be created. If you don't want this, please specify pin(s)/ports(s)/net(s) as objects to the command. [C:/Users/Stan/Documents/Git/LaboSystemNumeric/Rendu_5/Vivado/Vivado.srcs/constrs_1/imports/new/IO_Const.xdc:63]
Finished Parsing XDC File [C:/Users/Stan/Documents/Git/LaboSystemNumeric/Rendu_5/Vivado/Vivado.srcs/constrs_1/imports/new/IO_Const.xdc]
INFO: [Project 1-236] Implementation specific constraints were found while reading constraint file [C:/Users/Stan/Documents/Git/LaboSystemNumeric/Rendu_5/Vivado/Vivado.srcs/constrs_1/imports/new/IO_Const.xdc]. These constraints will be ignored for synthesis but will be used in implementation. Impacted constraints are listed in the file [.Xil/nanoControleur_propImpl.xdc].
Resolution: To avoid this warning, move constraints listed in [.Xil/nanoControleur_propImpl.xdc] to another XDC file and exclude this new file from synthesis with the used_in_synthesis property (File Properties dialog in GUI) and re-run elaboration/synthesis.
Completed Processing XDC Constraints

Netlist sorting complete. Time (s): cpu = 00:00:00 ; elapsed = 00:00:00 . Memory (MB): peak = 1012.762 ; gain = 0.000
INFO: [Project 1-111] Unisim Transformation Summary:
No Unisim elements were transformed.

Constraint Validation Runtime : Time (s): cpu = 00:00:00 ; elapsed = 00:00:00.006 . Memory (MB): peak = 1012.762 ; gain = 0.000
---------------------------------------------------------------------------------
Finished Constraint Validation : Time (s): cpu = 00:00:22 ; elapsed = 00:00:24 . Memory (MB): peak = 1012.762 ; gain = 5.414
---------------------------------------------------------------------------------
---------------------------------------------------------------------------------
Start Loading Part and Timing Information
---------------------------------------------------------------------------------
Loading part: xc7a35tfgg484-1
---------------------------------------------------------------------------------
Finished Loading Part and Timing Information : Time (s): cpu = 00:00:22 ; elapsed = 00:00:24 . Memory (MB): peak = 1012.762 ; gain = 5.414
---------------------------------------------------------------------------------
---------------------------------------------------------------------------------
Start Applying 'set_property' XDC Constraints
---------------------------------------------------------------------------------
---------------------------------------------------------------------------------
Finished applying 'set_property' XDC Constraints : Time (s): cpu = 00:00:23 ; elapsed = 00:00:24 . Memory (MB): peak = 1012.762 ; gain = 5.414
---------------------------------------------------------------------------------
INFO: [Synth 8-802] inferred FSM for state register 'state_reg' in module 'Sequenceur'
---------------------------------------------------------------------------------------------------
                   State |                     New Encoding |                Previous Encoding 
---------------------------------------------------------------------------------------------------
                  sreset |                             0001 |                              000
                sir_load |                             0010 |                              001
              sir_decode |                             0100 |                              010
          sopcode_decode |                             1000 |                              011
---------------------------------------------------------------------------------------------------
INFO: [Synth 8-3354] encoded FSM with state register 'state_reg' using encoding 'one-hot' in module 'Sequenceur'
---------------------------------------------------------------------------------
Finished RTL Optimization Phase 2 : Time (s): cpu = 00:00:23 ; elapsed = 00:00:25 . Memory (MB): peak = 1012.762 ; gain = 5.414
---------------------------------------------------------------------------------
---------------------------------------------------------------------------------
Start RTL Component Statistics 
---------------------------------------------------------------------------------
Detailed RTL Component Info : 
+---Adders : 
	   2 Input    9 Bit       Adders := 3     
	   2 Input    8 Bit       Adders := 2     
+---XORs : 
	   2 Input      9 Bit         XORs := 1     
	   2 Input      8 Bit         XORs := 1     
+---Registers : 
	                8 Bit    Registers := 9     
	                6 Bit    Registers := 1     
	                4 Bit    Registers := 2     
	                1 Bit    Registers := 1     
+---RAMs : 
	              256 Bit	(32 X 8 bit)          RAMs := 1     
	               64 Bit	(8 X 8 bit)          RAMs := 1     
+---Muxes : 
	  29 Input   14 Bit        Muxes := 1     
	   2 Input   14 Bit        Muxes := 1     
	  11 Input    9 Bit        Muxes := 1     
	   2 Input    9 Bit        Muxes := 1     
	   2 Input    8 Bit        Muxes := 5     
	   4 Input    8 Bit        Muxes := 1     
	   3 Input    8 Bit        Muxes := 1     
	   4 Input    4 Bit        Muxes := 1     
	  12 Input    4 Bit        Muxes := 3     
	   2 Input    4 Bit        Muxes := 2     
	   6 Input    3 Bit        Muxes := 1     
	   2 Input    3 Bit        Muxes := 1     
	   2 Input    2 Bit        Muxes := 2     
	  12 Input    2 Bit        Muxes := 1     
	   2 Input    1 Bit        Muxes := 16    
	   3 Input    1 Bit        Muxes := 2     
	   4 Input    1 Bit        Muxes := 1     
---------------------------------------------------------------------------------
Finished RTL Component Statistics 
---------------------------------------------------------------------------------
---------------------------------------------------------------------------------
Start Part Resource Summary
---------------------------------------------------------------------------------
Part Resources:
DSPs: 90 (col length:60)
BRAMs: 100 (col length: RAMB18 60 RAMB36 30)
---------------------------------------------------------------------------------
Finished Part Resource Summary
---------------------------------------------------------------------------------
---------------------------------------------------------------------------------
Start Cross Boundary and Area Optimization
---------------------------------------------------------------------------------
---------------------------------------------------------------------------------
Finished Cross Boundary and Area Optimization : Time (s): cpu = 00:00:29 ; elapsed = 00:00:30 . Memory (MB): peak = 1012.762 ; gain = 5.414
---------------------------------------------------------------------------------
---------------------------------------------------------------------------------
Start ROM, RAM, DSP, Shift Register and Retiming Reporting
---------------------------------------------------------------------------------

Distributed RAM: Preliminary Mapping	Report (see note below)
+---------------+----------------------+-----------+----------------------+---------------+
|Module Name    | RTL Object           | Inference | Size (Depth x Width) | Primitives    | 
+---------------+----------------------+-----------+----------------------+---------------+
|nanoControleur | RAM_inst/blocRAM_reg | Implied   | 32 x 8               | RAM32X1S x 8	 | 
+---------------+----------------------+-----------+----------------------+---------------+

Note: The table above is a preliminary report that shows the Distributed RAMs at the current stage of the synthesis flow. Some Distributed RAMs may be reimplemented as non Distributed RAM primitives later in the synthesis flow. Multiple instantiated RAMs are reported only once.
---------------------------------------------------------------------------------
Finished ROM, RAM, DSP, Shift Register and Retiming Reporting
---------------------------------------------------------------------------------
---------------------------------------------------------------------------------
Start Applying XDC Timing Constraints
---------------------------------------------------------------------------------
---------------------------------------------------------------------------------
Finished Applying XDC Timing Constraints : Time (s): cpu = 00:00:40 ; elapsed = 00:00:41 . Memory (MB): peak = 1012.762 ; gain = 5.414
---------------------------------------------------------------------------------
---------------------------------------------------------------------------------
Start Timing Optimization
---------------------------------------------------------------------------------
---------------------------------------------------------------------------------
Finished Timing Optimization : Time (s): cpu = 00:00:40 ; elapsed = 00:00:41 . Memory (MB): peak = 1012.762 ; gain = 5.414
---------------------------------------------------------------------------------
---------------------------------------------------------------------------------
Start ROM, RAM, DSP, Shift Register and Retiming Reporting
---------------------------------------------------------------------------------

Distributed RAM: Final Mapping	Report
+---------------+----------------------+-----------+----------------------+---------------+
|Module Name    | RTL Object           | Inference | Size (Depth x Width) | Primitives    | 
+---------------+----------------------+-----------+----------------------+---------------+
|nanoControleur | RAM_inst/blocRAM_reg | Implied   | 32 x 8               | RAM32X1S x 8	 | 
+---------------+----------------------+-----------+----------------------+---------------+

---------------------------------------------------------------------------------
Finished ROM, RAM, DSP, Shift Register and Retiming Reporting
---------------------------------------------------------------------------------
---------------------------------------------------------------------------------
Start Technology Mapping
---------------------------------------------------------------------------------
---------------------------------------------------------------------------------
Finished Technology Mapping : Time (s): cpu = 00:00:40 ; elapsed = 00:00:42 . Memory (MB): peak = 1012.762 ; gain = 5.414
---------------------------------------------------------------------------------
---------------------------------------------------------------------------------
Start IO Insertion
---------------------------------------------------------------------------------
---------------------------------------------------------------------------------
Start Flattening Before IO Insertion
---------------------------------------------------------------------------------
---------------------------------------------------------------------------------
Finished Flattening Before IO Insertion
---------------------------------------------------------------------------------
---------------------------------------------------------------------------------
Start Final Netlist Cleanup
---------------------------------------------------------------------------------
---------------------------------------------------------------------------------
Finished Final Netlist Cleanup
---------------------------------------------------------------------------------
---------------------------------------------------------------------------------
Finished IO Insertion : Time (s): cpu = 00:00:47 ; elapsed = 00:00:49 . Memory (MB): peak = 1014.098 ; gain = 6.750
---------------------------------------------------------------------------------
---------------------------------------------------------------------------------
Start Renaming Generated Instances
---------------------------------------------------------------------------------
---------------------------------------------------------------------------------
Finished Renaming Generated Instances : Time (s): cpu = 00:00:47 ; elapsed = 00:00:49 . Memory (MB): peak = 1014.098 ; gain = 6.750
---------------------------------------------------------------------------------
---------------------------------------------------------------------------------
Start Rebuilding User Hierarchy
---------------------------------------------------------------------------------
---------------------------------------------------------------------------------
Finished Rebuilding User Hierarchy : Time (s): cpu = 00:00:47 ; elapsed = 00:00:49 . Memory (MB): peak = 1014.098 ; gain = 6.750
---------------------------------------------------------------------------------
---------------------------------------------------------------------------------
Start Renaming Generated Ports
---------------------------------------------------------------------------------
---------------------------------------------------------------------------------
Finished Renaming Generated Ports : Time (s): cpu = 00:00:47 ; elapsed = 00:00:49 . Memory (MB): peak = 1014.098 ; gain = 6.750
---------------------------------------------------------------------------------
---------------------------------------------------------------------------------
Start Handling Custom Attributes
---------------------------------------------------------------------------------
---------------------------------------------------------------------------------
Finished Handling Custom Attributes : Time (s): cpu = 00:00:47 ; elapsed = 00:00:49 . Memory (MB): peak = 1014.098 ; gain = 6.750
---------------------------------------------------------------------------------
---------------------------------------------------------------------------------
Start Renaming Generated Nets
---------------------------------------------------------------------------------
---------------------------------------------------------------------------------
Finished Renaming Generated Nets : Time (s): cpu = 00:00:47 ; elapsed = 00:00:49 . Memory (MB): peak = 1014.098 ; gain = 6.750
---------------------------------------------------------------------------------
---------------------------------------------------------------------------------
Start Writing Synthesis Report
---------------------------------------------------------------------------------

Report BlackBoxes: 
+-+--------------+----------+
| |BlackBox name |Instances |
+-+--------------+----------+
+-+--------------+----------+

Report Cell Usage: 
+------+---------+------+
|      |Cell     |Count |
+------+---------+------+
|1     |BUFG     |     1|
|2     |CARRY4   |     5|
|3     |LUT1     |     3|
|4     |LUT2     |    41|
|5     |LUT3     |    13|
|6     |LUT4     |    21|
|7     |LUT5     |    24|
|8     |LUT6     |    82|
|9     |MUXF7    |     3|
|10    |RAM32X1S |     8|
|11    |FDCE     |    68|
|12    |FDPE     |     1|
|13    |IBUF     |    18|
|14    |OBUF     |    16|
+------+---------+------+
---------------------------------------------------------------------------------
Finished Writing Synthesis Report : Time (s): cpu = 00:00:47 ; elapsed = 00:00:49 . Memory (MB): peak = 1014.098 ; gain = 6.750
---------------------------------------------------------------------------------
Synthesis finished with 0 errors, 0 critical warnings and 0 warnings.
Synthesis Optimization Runtime : Time (s): cpu = 00:00:33 ; elapsed = 00:00:45 . Memory (MB): peak = 1014.098 ; gain = 1.336
Synthesis Optimization Complete : Time (s): cpu = 00:00:48 ; elapsed = 00:00:49 . Memory (MB): peak = 1014.098 ; gain = 6.750
INFO: [Project 1-571] Translating synthesized netlist
Netlist sorting complete. Time (s): cpu = 00:00:00 ; elapsed = 00:00:00.016 . Memory (MB): peak = 1026.176 ; gain = 0.000
INFO: [Netlist 29-17] Analyzing 16 Unisim elements for replacement
INFO: [Netlist 29-28] Unisim Transformation completed in 0 CPU seconds
INFO: [Project 1-570] Preparing netlist for logic optimization
INFO: [Opt 31-138] Pushed 0 inverter(s) to 0 load pin(s).
Netlist sorting complete. Time (s): cpu = 00:00:00 ; elapsed = 00:00:00.001 . Memory (MB): peak = 1030.215 ; gain = 0.000
INFO: [Project 1-111] Unisim Transformation Summary:
  A total of 8 instances were transformed.
  RAM32X1S => RAM32X1S (RAMS32): 8 instances

INFO: [Common 17-83] Releasing license: Synthesis
72 Infos, 3 Warnings, 0 Critical Warnings and 0 Errors encountered.
synth_design completed successfully
synth_design: Time (s): cpu = 00:00:58 ; elapsed = 00:01:02 . Memory (MB): peak = 1030.215 ; gain = 22.867
INFO: [Common 17-1381] The checkpoint 'C:/Users/Stan/Documents/Git/LaboSystemNumeric/Rendu_5/Vivado/Vivado.runs/synth_1/nanoControleur.dcp' has been generated.
INFO: [runtcl-4] Executing : report_utilization -file nanoControleur_utilization_synth.rpt -pb nanoControleur_utilization_synth.pb
INFO: [Common 17-206] Exiting Vivado at Sat Jun  8 16:42:04 2024...
