
*** Running vivado
    with args -log nanoControleur.vds -m64 -product Vivado -mode batch -messageDb vivado.pb -notrace -source nanoControleur.tcl



****** Vivado v2020.2 (64-bit)
  **** SW Build 3064766 on Wed Nov 18 09:12:45 MST 2020
  **** IP Build 3064653 on Wed Nov 18 14:17:31 MST 2020
    ** Copyright 1986-2020 Xilinx, Inc. All Rights Reserved.

source nanoControleur.tcl -notrace
Command: synth_design -top nanoControleur -part xc7a35tfgg484-1
Starting synth_design
Attempting to get a license for feature 'Synthesis' and/or device 'xc7a35t'
INFO: [Common 17-349] Got license for feature 'Synthesis' and/or device 'xc7a35t'
INFO: [Device 21-403] Loading part xc7a35tfgg484-1
INFO: [Synth 8-7079] Multithreading enabled for synth_design using a maximum of 2 processes.
INFO: [Synth 8-7078] Launching helper process for spawning children vivado processes
INFO: [Synth 8-7075] Helper process launched with PID 8564
---------------------------------------------------------------------------------
Starting RTL Elaboration : Time (s): cpu = 00:00:08 ; elapsed = 00:00:10 . Memory (MB): peak = 1007.152 ; gain = 0.000
---------------------------------------------------------------------------------
ERROR: [Synth 8-1031] callfunc is not declared [C:/Users/Stan/Documents/Git/LaboSystemNumeric/Rendu_4/Vivado/Vivado.srcs/sources_1/imports/design.hdl/ROM.vhd:181]
ERROR: [Synth 8-1031] callfunc is not declared [C:/Users/Stan/Documents/Git/LaboSystemNumeric/Rendu_4/Vivado/Vivado.srcs/sources_1/imports/design.hdl/ROM.vhd:192]
ERROR: [Synth 8-1031] returnfunc is not declared [C:/Users/Stan/Documents/Git/LaboSystemNumeric/Rendu_4/Vivado/Vivado.srcs/sources_1/imports/design.hdl/ROM.vhd:195]
ERROR: [Synth 8-1031] callfunc is not declared [C:/Users/Stan/Documents/Git/LaboSystemNumeric/Rendu_4/Vivado/Vivado.srcs/sources_1/imports/design.hdl/ROM.vhd:200]
ERROR: [Synth 8-1031] returnfunc is not declared [C:/Users/Stan/Documents/Git/LaboSystemNumeric/Rendu_4/Vivado/Vivado.srcs/sources_1/imports/design.hdl/ROM.vhd:203]
ERROR: [Synth 8-1031] returnfunc is not declared [C:/Users/Stan/Documents/Git/LaboSystemNumeric/Rendu_4/Vivado/Vivado.srcs/sources_1/imports/design.hdl/ROM.vhd:211]
ERROR: [Synth 8-1031] returnfunc is not declared [C:/Users/Stan/Documents/Git/LaboSystemNumeric/Rendu_4/Vivado/Vivado.srcs/sources_1/imports/design.hdl/ROM.vhd:216]
INFO: [Synth 8-2810] unit behavioral ignored due to previous errors [C:/Users/Stan/Documents/Git/LaboSystemNumeric/Rendu_4/Vivado/Vivado.srcs/sources_1/imports/design.hdl/ROM.vhd:38]
---------------------------------------------------------------------------------
Finished RTL Elaboration : Time (s): cpu = 00:00:10 ; elapsed = 00:00:12 . Memory (MB): peak = 1007.152 ; gain = 0.000
---------------------------------------------------------------------------------
RTL Elaboration failed
INFO: [Common 17-83] Releasing license: Synthesis
7 Infos, 0 Warnings, 0 Critical Warnings and 8 Errors encountered.
synth_design failed
ERROR: [Common 17-69] Command failed: Synthesis failed - please see the console or run log file for details
INFO: [Common 17-206] Exiting Vivado at Sun May 19 17:22:49 2024...
