#-----------------------------------------------------------
# Vivado v2020.2 (64-bit)
# SW Build 3064766 on Wed Nov 18 09:12:45 MST 2020
# IP Build 3064653 on Wed Nov 18 14:17:31 MST 2020
# Start of session at: Sun May 19 13:43:41 2024
# Process ID: 8872
# Current directory: C:/Users/Stan/Documents/Git/LaboSystemNumeric/Rendu_4/Vivado
# Command line: vivado.exe -gui_launcher_event rodinguilauncherevent13716 C:\Users\Stan\Documents\Git\LaboSystemNumeric\Rendu_4\Vivado\Vivado.xpr
# Log file: C:/Users/Stan/Documents/Git/LaboSystemNumeric/Rendu_4/Vivado/vivado.log
# Journal file: C:/Users/Stan/Documents/Git/LaboSystemNumeric/Rendu_4/Vivado\vivado.jou
#-----------------------------------------------------------
start_gui
open_project C:/Users/Stan/Documents/Git/LaboSystemNumeric/Rendu_4/Vivado/Vivado.xpr
INFO: [Project 1-313] Project file moved from 'C:/Users/Stan/Documents/Git/LaboSystemNumeric/Rendu_2/Vivado' since last save.
WARNING: [filemgmt 56-2] Default IP Output Path : Could not find the directory 'C:/Users/Stan/Documents/Git/LaboSystemNumeric/Rendu_4/Vivado/Vivado.gen/sources_1', nor could it be found using path 'C:/Users/Stan/Documents/Git/LaboSystemNumeric/Rendu_2/Vivado/Vivado.gen/sources_1'.
Scanning sources...
Finished scanning sources
INFO: [IP_Flow 19-234] Refreshing IP repositories
INFO: [IP_Flow 19-1704] No user IP repositories specified
INFO: [IP_Flow 19-2313] Loaded Vivado IP repository 'C:/Xilinx/Vivado/2020.2/data/ip'.
open_project: Time (s): cpu = 00:00:28 ; elapsed = 00:00:11 . Memory (MB): peak = 1005.328 ; gain = 0.000
update_compile_order -fileset sources_1
file mkdir C:/Users/Stan/Documents/Git/LaboSystemNumeric/Rendu_4/Vivado/Vivado.srcs/sources_1/new
close [ open C:/Users/Stan/Documents/Git/LaboSystemNumeric/Rendu_4/Vivado/Vivado.srcs/sources_1/new/Stack.vhd w ]
add_files C:/Users/Stan/Documents/Git/LaboSystemNumeric/Rendu_4/Vivado/Vivado.srcs/sources_1/new/Stack.vhd
update_compile_order -fileset sources_1
move_files -fileset sim_1 [get_files  C:/Users/Stan/Documents/Git/LaboSystemNumeric/Rendu_4/Vivado/Vivado.srcs/sources_1/new/Stack.vhd]
move_files [get_files  C:/Users/Stan/Documents/Git/LaboSystemNumeric/Rendu_4/Vivado/Vivado.srcs/sources_1/new/Stack.vhd]
update_compile_order -fileset sources_1
update_compile_order -fileset sources_1
update_compile_order -fileset sources_1
close [ open C:/Users/Stan/Documents/Git/LaboSystemNumeric/Rendu_4/Vivado/Vivado.srcs/sources_1/new/Sync.vhd w ]
add_files C:/Users/Stan/Documents/Git/LaboSystemNumeric/Rendu_4/Vivado/Vivado.srcs/sources_1/new/Sync.vhd
update_compile_order -fileset sources_1
update_compile_order -fileset sources_1
update_compile_order -fileset sources_1
update_compile_order -fileset sources_1
update_compile_order -fileset sources_1
update_compile_order -fileset sources_1
exit
INFO: [Common 17-206] Exiting Vivado at Sun May 19 16:55:13 2024...
