#-----------------------------------------------------------
# Vivado v2020.2 (64-bit)
# SW Build 3064766 on Wed Nov 18 09:12:45 MST 2020
# IP Build 3064653 on Wed Nov 18 14:17:31 MST 2020
# Start of session at: Tue Mar  5 10:58:08 2024
# Process ID: 19640
# Current directory: C:/Users/gabdo/OneDrive - HE-ARC/Documents/HeArc/ISC1b/systemes_numériques/LaboSystemNumeric/Vivado
# Command line: vivado.exe -gui_launcher_event rodinguilauncherevent5656 C:\Users\gabdo\OneDrive - HE-ARC\Documents\HeArc\ISC1b\systemes_numériques\LaboSystemNumeric\Vivado\Vivado.xpr
# Log file: C:/Users/gabdo/OneDrive - HE-ARC/Documents/HeArc/ISC1b/systemes_numériques/LaboSystemNumeric/Vivado/vivado.log
# Journal file: C:/Users/gabdo/OneDrive - HE-ARC/Documents/HeArc/ISC1b/systemes_numériques/LaboSystemNumeric/Vivado\vivado.jou
#-----------------------------------------------------------
start_gui
open_project {C:/Users/gabdo/OneDrive - HE-ARC/Documents/HeArc/ISC1b/systemes_numériques/LaboSystemNumeric/Vivado/Vivado.xpr}
INFO: [ProjectBase 1-489] The host OS only allows 260 characters in a normal path. The project is stored in a path with more than 80 characters. If you experience issues with IP, Block Designs, or files not being found, please consider moving the project to a location with a shorter path. Alternately consider using the OS subst command to map part of the path to a drive letter.
Current project path is 'C:/Users/gabdo/OneDrive - HE-ARC/Documents/HeArc/ISC1b/systemes_numériques/LaboSystemNumeric/Vivado'
INFO: [Project 1-313] Project file moved from 'P:/Formation/200_Bachelor/230_Niveau-1/233_Professeurs/1262_Archi_Sys_Info/1262.3_Sys_num_appliques/ProfEtudiants/Vivado' since last save.
WARNING: [filemgmt 56-2] Default IP Output Path : Could not find the directory 'C:/Users/gabdo/OneDrive - HE-ARC/Documents/HeArc/ISC1b/systemes_numériques/LaboSystemNumeric/Vivado/Vivado.gen/sources_1', nor could it be found using path 'P:/Formation/200_Bachelor/230_Niveau-1/233_Professeurs/1262_Archi_Sys_Info/1262.3_Sys_num_appliques/ProfEtudiants/Vivado/Vivado.gen/sources_1'.
WARNING: [filemgmt 56-2] IPUserFilesDir: Could not find the directory 'C:/Users/gabdo/OneDrive - HE-ARC/Documents/HeArc/ISC1b/systemes_numériques/LaboSystemNumeric/Vivado/Vivado.ip_user_files', nor could it be found using path 'P:/Formation/200_Bachelor/230_Niveau-1/233_Professeurs/1262_Archi_Sys_Info/1262.3_Sys_num_appliques/ProfEtudiants/Vivado/Vivado.ip_user_files'.
Scanning sources...
Finished scanning sources
INFO: [IP_Flow 19-234] Refreshing IP repositories
INFO: [IP_Flow 19-1704] No user IP repositories specified
INFO: [IP_Flow 19-2313] Loaded Vivado IP repository 'C:/Xilinx/Vivado/2020.2/data/ip'.
update_compile_order -fileset sources_1
exit
INFO: [Common 17-206] Exiting Vivado at Tue Mar  5 12:22:28 2024...
