Copyright 1986-2020 Xilinx, Inc. All Rights Reserved.
-------------------------------------------------------------------------------------------
| Tool Version : Vivado v.2020.2 (win64) Build 3064766 Wed Nov 18 09:12:45 MST 2020
| Date         : Tue Jan  2 18:35:07 2024
| Host         : NB21-B0I-YME running 64-bit major release  (build 9200)
| Command      : report_control_sets -verbose -file nanoControleur_control_sets_placed.rpt
| Design       : nanoControleur
| Device       : xc7a35t
-------------------------------------------------------------------------------------------

Control Set Information

Table of Contents
-----------------
1. Summary
2. Histogram
3. Flip-Flop Distribution
4. Detailed Control Set Information

1. Summary
----------

+----------------------------------------------------------+-------+
|                          Status                          | Count |
+----------------------------------------------------------+-------+
| Total control sets                                       |     8 |
|    Minimum number of control sets                        |     8 |
|    Addition due to synthesis replication                 |     0 |
|    Addition due to physical synthesis replication        |     0 |
| Unused register locations in slices containing registers |     5 |
+----------------------------------------------------------+-------+
* Control sets can be merged at opt_design using control_set_merge or merge_equivalent_drivers
** Run report_qor_suggestions for automated merging and remapping suggestions


2. Histogram
------------

+--------------------+-------+
|       Fanout       | Count |
+--------------------+-------+
| Total control sets |     8 |
| >= 0 to < 4        |     0 |
| >= 4 to < 6        |     1 |
| >= 6 to < 8        |     1 |
| >= 8 to < 10       |     6 |
| >= 10 to < 12      |     0 |
| >= 12 to < 14      |     0 |
| >= 14 to < 16      |     0 |
| >= 16              |     0 |
+--------------------+-------+
* Control sets can be remapped at either synth_design or opt_design


3. Flip-Flop Distribution
-------------------------

+--------------+-----------------------+------------------------+-----------------+--------------+
| Clock Enable | Synchronous Set/Reset | Asynchronous Set/Reset | Total Registers | Total Slices |
+--------------+-----------------------+------------------------+-----------------+--------------+
| No           | No                    | No                     |               0 |            0 |
| No           | No                    | Yes                    |               5 |            1 |
| No           | Yes                   | No                     |               0 |            0 |
| Yes          | No                    | No                     |               0 |            0 |
| Yes          | No                    | Yes                    |              46 |           16 |
| Yes          | Yes                   | No                     |               0 |            0 |
+--------------+-----------------------+------------------------+-----------------+--------------+


4. Detailed Control Set Information
-----------------------------------

+------------------+-----------------------------------------+--------------------------+------------------+----------------+--------------+
|   Clock Signal   |              Enable Signal              |     Set/Reset Signal     | Slice Load Count | Bel Load Count | Bels / Slice |
+------------------+-----------------------------------------+--------------------------+------------------+----------------+--------------+
|  clk_i_IBUF_BUFG |                                         | nPr_inst/PC_inst/reset_i |                1 |              5 |         5.00 |
|  clk_i_IBUF_BUFG | nPr_inst/Seq_inst/Q[0]                  | nPr_inst/PC_inst/reset_i |                2 |              6 |         3.00 |
|  clk_i_IBUF_BUFG | nPr_inst/IR_inst/E[0]                   | nPr_inst/PC_inst/reset_i |                3 |              8 |         2.67 |
|  clk_i_IBUF_BUFG | nPr_inst/IR_inst/p_1_in                 |                          |                2 |              8 |         4.00 |
|  clk_i_IBUF_BUFG | nPr_inst/IR_inst/operande_o_reg[0]_1[0] | nPr_inst/PC_inst/reset_i |                3 |              8 |         2.67 |
|  clk_i_IBUF_BUFG | nPr_inst/IR_inst/operande_o_reg[0]_0[0] | nPr_inst/PC_inst/reset_i |                3 |              8 |         2.67 |
|  clk_i_IBUF_BUFG | nPr_inst/Seq_inst/Q[1]                  | nPr_inst/PC_inst/reset_i |                2 |              8 |         4.00 |
|  clk_i_IBUF_BUFG | nPr_inst/Seq_inst/Q[2]                  | nPr_inst/PC_inst/reset_i |                3 |              8 |         2.67 |
+------------------+-----------------------------------------+--------------------------+------------------+----------------+--------------+


